<?xml version="1.0" encoding="UTF-8"?>
<!-- Generated by org.testng.reporters.JUnitReportReporter -->
<testsuite hostname="Viraj" failures="0" tests="1" name="testCases.TC002LoginTestCase" time="2.853" errors="0" timestamp="2024-10-14T21:10:14 IST" skipped="0">
  <testcase classname="testCases.TC002LoginTestCase" name="loginTest" time="2.853"/>
</testsuite> <!-- testCases.TC002LoginTestCase -->
