<?xml version="1.0" encoding="UTF-8"?>
<!-- Generated by org.testng.reporters.JUnitReportReporter -->
<testsuite hostname="Viraj" failures="0" tests="1" name="testCases.TC001LoginTestCase" time="2.270" errors="0" timestamp="2024-10-14T21:10:14 IST" skipped="0">
  <testcase classname="testCases.TC001LoginTestCase" name="loginTest" time="2.270"/>
</testsuite> <!-- testCases.TC001LoginTestCase -->
